Aug 25, 2024 8:45:41 PM UserEntry lambda$1
INFO: Application Started, User form loaded
Aug 25, 2024 8:48:54 PM Calculations getPaymentCategory
INFO: BMI calculated returning the payment category.
Aug 25, 2024 8:49:41 PM Calculations getPaymentCategory
INFO: BMI calculated returning the payment category.
Aug 25, 2024 8:49:41 PM UserEntry handleSubmit
INFO: Form data has been processed, information has been saved.
Aug 25, 2024 8:49:46 PM UserEntry lambda$1
INFO: Application Started, User form loaded
Aug 25, 2024 8:49:55 PM Calculations getPaymentCategory
INFO: BMI calculated returning the payment category.
Aug 25, 2024 8:50:05 PM Calculations getPaymentCategory
INFO: BMI calculated returning the payment category.
Aug 25, 2024 8:50:05 PM UserEntry handleSubmit
INFO: Form data has been processed, information has been saved.
Aug 25, 2024 8:50:08 PM Calculations getPaymentCategory
INFO: BMI calculated returning the payment category.
Aug 25, 2024 9:05:44 PM Calculations getPaymentCategory
INFO: BMI calculated returning the payment category.
Aug 25, 2024 9:05:44 PM UserEntry handleSubmit
INFO: Form data has been processed, information has been saved.
Aug 30, 2024 9:25:32 PM UserEntry lambda$1
INFO: Application Started, User form loaded
Aug 30, 2024 9:25:55 PM UserEntry lambda$1
INFO: Application Started, User form loaded
Aug 30, 2024 9:29:19 PM UserEntry lambda$1
INFO: Application Started, User form loaded
Aug 30, 2024 9:29:47 PM UserEntry lambda$1
INFO: Application Started, User form loaded
Aug 30, 2024 9:30:19 PM UserEntry lambda$1
INFO: Application Started, User form loaded
Aug 30, 2024 9:30:42 PM UserEntry lambda$1
INFO: Application Started, User form loaded
Aug 30, 2024 9:31:01 PM UserEntry lambda$1
INFO: Application Started, User form loaded
Aug 30, 2024 9:31:14 PM UserEntry lambda$1
INFO: Application Started, User form loaded
Aug 30, 2024 9:39:41 PM UserEntry lambda$1
INFO: Application Started, User form loaded
Aug 30, 2024 9:47:52 PM UserEntry lambda$1
INFO: Application Started, User form loaded
